<?xml version="1.0" encoding="UTF-8"?>
<!-- Generated by org.testng.reporters.JUnitReportReporter -->
<testsuite skipped="0" hostname="DESKTOP-BM4NCDP" name="com.Books.ApiTest.bookApis" tests="1" failures="0" timestamp="12 Jan 2021 03:50:31 GMT" time="5.576" errors="0">
  <testcase name="generateToken" time="5.576" classname="com.Books.ApiTest.bookApis"/>
</testsuite> <!-- com.Books.ApiTest.bookApis -->
